<?xml version="1.0" encoding="UTF-8"?>
<!-- Generated by org.testng.reporters.JUnitXMLReporter -->
<testsuite hostname="PPP-MBS" ignored="0" name="ExpediaSearchPage" tests="4" failures="0" timestamp="2020-03-17T09:32:32 CDT" time="0.242" errors="0">
  <testcase name="AudiA6" time="0.02" classname="com.expedia.flightsbooking.TestNG_Grouping"/>
  <testcase name="BMW3Series" time="0.004" classname="com.expedia.flightsbooking.TestNG_Grouping"/>
  <testcase name="BMWX3" time="0.008" classname="com.expedia.flightsbooking.TestNG_Grouping"/>
  <testcase name="HondaAccord" time="0.003" classname="com.expedia.flightsbooking.TestNG_Grouping"/>
</testsuite> <!-- ExpediaSearchPage -->
