<?xml version="1.0" encoding="UTF-8"?>
<!-- Generated by org.testng.reporters.JUnitXMLReporter -->
<testsuite hostname="PPP-MBS" ignored="0" name="Default test" tests="4" failures="0" timestamp="2020-03-17T09:27:32 CDT" time="0.131" errors="0">
  <testcase name="AudiA6" time="0.012" classname="flightsbooking.TestNG_Grouping"/>
  <testcase name="BMW3Series" time="0.002" classname="flightsbooking.TestNG_Grouping"/>
  <testcase name="BMWX3" time="0.002" classname="flightsbooking.TestNG_Grouping"/>
  <testcase name="HondaAccord" time="0.001" classname="flightsbooking.TestNG_Grouping"/>
</testsuite> <!-- Default test -->
