<?xml version="1.0" encoding="UTF-8"?>
<testng-results skipped="0" failed="0" ignored="0" total="1" passed="1">
  <reporter-output>
  </reporter-output>
  <suite name="Regression TestSuite" duration-ms="55741" started-at="2020-03-18T09:55:44 CDT" finished-at="2020-03-18T09:56:40 CDT">
    <groups>
    </groups>
    <test name="FireFox Test" duration-ms="55741" started-at="2020-03-18T09:55:44 CDT" finished-at="2020-03-18T09:56:40 CDT">
      <class name="com.expedia.flightsbooking.TestNG_TestSuite">
        <test-method status="PASS" signature="beforeClass()[pri:0, instance:com.expedia.flightsbooking.TestNG_TestSuite@47d9a273]" name="beforeClass" is-config="true" duration-ms="31972" started-at="2020-03-18T09:55:44 CDT" finished-at="2020-03-18T09:56:16 CDT">
          <reporter-output>
          </reporter-output>
        </test-method> <!-- beforeClass -->
        <test-method status="PASS" signature="fillBasicInfo()[pri:0, instance:com.expedia.flightsbooking.TestNG_TestSuite@47d9a273]" name="fillBasicInfo" duration-ms="12519" started-at="2020-03-18T09:56:16 CDT" finished-at="2020-03-18T09:56:29 CDT">
          <reporter-output>
          </reporter-output>
        </test-method> <!-- fillBasicInfo -->
        <test-method status="PASS" signature="afterClass()[pri:0, instance:com.expedia.flightsbooking.TestNG_TestSuite@47d9a273]" name="afterClass" is-config="true" duration-ms="11115" started-at="2020-03-18T09:56:29 CDT" finished-at="2020-03-18T09:56:40 CDT">
          <reporter-output>
          </reporter-output>
        </test-method> <!-- afterClass -->
      </class> <!-- com.expedia.flightsbooking.TestNG_TestSuite -->
    </test> <!-- FireFox Test -->
  </suite> <!-- Regression TestSuite -->
</testng-results>
